2026-01-09 10:28:14,788 - INFO - Data Set :
      customerID  gender  SeniorCitizen Partner Dependents  tenure  ...              PaymentMethod MonthlyCharges TotalCharges Churn     Sim Region
0     7590-VHVEG  Female              0     Yes         No       1  ...           Electronic check          29.85        29.85    No    BSNL   East
1     5575-GNVDE    Male              0      No         No      34  ...               Mailed check          56.95      1889.50    No    BSNL   West
2     3668-QPYBK    Male              0      No         No       2  ...               Mailed check          53.85       108.15   Yes      Vi  North
3     7795-CFOCW    Male              0      No         No      45  ...  Bank transfer (automatic)          42.30      1840.75    No    BSNL   East
4     9237-HQITU  Female              0      No         No       2  ...           Electronic check          70.70       151.65   Yes  Airtel   East
...          ...     ...            ...     ...        ...     ...  ...                        ...            ...          ...   ...     ...    ...
7038  6840-RESVB    Male              0     Yes        Yes      24  ...               Mailed check          84.80      1990.50    No    BSNL   West
7039  2234-XADUH  Female              0     Yes        Yes      72  ...    Credit card (automatic)         103.20      7362.90    No  Airtel  South
7040  4801-JZAZL  Female              0     Yes        Yes      11  ...           Electronic check          29.60       346.45    No      Vi  South
7041  8361-LTMKD    Male              1     Yes         No       4  ...               Mailed check          74.40       306.60   Yes  Airtel   East
7042  3186-AJIEK    Male              0      No         No      66  ...  Bank transfer (automatic)         105.65      6844.50    No  Airtel   West

[7043 rows x 23 columns]
2026-01-09 10:28:14,788 - INFO - Data Set shape :
(7043, 23)
2026-01-09 10:28:14,793 - INFO - Data Set null values :
customerID           0
gender               0
SeniorCitizen        0
Partner              0
Dependents           0
tenure               0
PhoneService         0
MultipleLines        0
InternetService      0
OnlineSecurity       0
OnlineBackup         0
DeviceProtection     0
TechSupport          0
StreamingTV          0
StreamingMovies      0
Contract             0
PaperlessBilling     0
PaymentMethod        0
MonthlyCharges       0
TotalCharges        11
Churn                0
Sim                  0
Region               0
dtype: int64
2026-01-09 10:28:14,794 - INFO - value counts in gender :
gender
Male      3555
Female    3488
Name: count, dtype: int64
2026-01-09 10:28:14,794 - INFO - value counts in senior citizen :
SeniorCitizen
0    5901
1    1142
Name: count, dtype: int64
2026-01-09 10:28:14,795 - INFO - value counts in Internetservice :
InternetService
Fiber optic    3096
DSL            2421
No             1526
Name: count, dtype: int64
2026-01-09 10:28:14,796 - INFO - value counts in paymentmethod :
PaymentMethod
Electronic check             2365
Mailed check                 1612
Bank transfer (automatic)    1544
Credit card (automatic)      1522
Name: count, dtype: int64
2026-01-09 10:28:14,797 - INFO - value counts in sim :
Sim
Airtel    2462
BSNL      2047
Jio       1716
Vi         818
Name: count, dtype: int64
2026-01-09 10:28:14,798 - INFO - value counts in region :
Region
North    1821
West     1756
South    1737
East     1729
Name: count, dtype: int64
